[debug] [2024-10-11T15:04:12.821Z] ----------------------------------------------------------------------
[debug] [2024-10-11T15:04:12.822Z] Command:       C:\Program Files\nodejs\node.exe C:\Users\Soumyajit\AppData\Roaming\npm\node_modules\firebase-tools\lib\bin\firebase.js init hosting
[debug] [2024-10-11T15:04:12.823Z] CLI Version:   13.22.0
[debug] [2024-10-11T15:04:12.823Z] Platform:      win32
[debug] [2024-10-11T15:04:12.823Z] Node Version:  v20.18.0
[debug] [2024-10-11T15:04:12.823Z] Time:          Fri Oct 11 2024 20:34:12 GMT+0530 (India Standard Time)
[debug] [2024-10-11T15:04:12.823Z] ----------------------------------------------------------------------
[debug] 
[debug] [2024-10-11T15:04:12.827Z] > command requires scopes: ["email","openid","https://www.googleapis.com/auth/cloudplatformprojects.readonly","https://www.googleapis.com/auth/firebase","https://www.googleapis.com/auth/cloud-platform"]
[debug] [2024-10-11T15:04:12.828Z] > authorizing via signed-in user (soumyajitdawn@gmail.com)
[info] 
     ######## #### ########  ######## ########     ###     ######  ########
     ##        ##  ##     ## ##       ##     ##  ##   ##  ##       ##
     ######    ##  ########  ######   ########  #########  ######  ######
     ##        ##  ##    ##  ##       ##     ## ##     ##       ## ##
     ##       #### ##     ## ######## ########  ##     ##  ######  ########

You're about to initialize a Firebase project in this directory:

  C:\Users\Soumyajit\Desktop\Call For Code\eduflux

[info] 
=== Project Setup
[info] 
[info] First, let's associate this project directory with a Firebase project.
[info] You can create multiple project aliases by running firebase use --add, 
[info] but for now we'll just set up a default project.
[info] 
[debug] [2024-10-11T15:04:19.390Z] Checked if tokens are valid: true, expires at: 1728660101692
[debug] [2024-10-11T15:04:19.390Z] Checked if tokens are valid: true, expires at: 1728660101692
[debug] [2024-10-11T15:04:19.392Z] >>> [apiv2][query] GET https://firebase.googleapis.com/v1beta1/projects pageSize=100
[debug] [2024-10-11T15:04:20.431Z] <<< [apiv2][status] GET https://firebase.googleapis.com/v1beta1/projects 200
[debug] [2024-10-11T15:04:20.431Z] <<< [apiv2][body] GET https://firebase.googleapis.com/v1beta1/projects [omitted]
[info] i  Using project eduflux-bbe14 (eduflux) 
[info] 
=== Hosting Setup
[debug] [2024-10-11T15:04:23.823Z] Checked if tokens are valid: true, expires at: 1728660101692
[debug] [2024-10-11T15:04:23.823Z] Checked if tokens are valid: true, expires at: 1728660101692
[debug] [2024-10-11T15:04:23.823Z] >>> [apiv2][query] GET https://firebase.googleapis.com/v1beta1/projects/eduflux-bbe14 [none]
[debug] [2024-10-11T15:04:24.210Z] <<< [apiv2][status] GET https://firebase.googleapis.com/v1beta1/projects/eduflux-bbe14 200
[debug] [2024-10-11T15:04:24.211Z] <<< [apiv2][body] GET https://firebase.googleapis.com/v1beta1/projects/eduflux-bbe14 {"projectId":"eduflux-bbe14","projectNumber":"784797909165","displayName":"eduflux","name":"projects/eduflux-bbe14","resources":{"hostingSite":"eduflux-bbe14"},"state":"ACTIVE","etag":"1_82cf9148-0e9c-4cfa-94d7-9848f3fe18da"}
[info] 
[info] Your public directory is the folder (relative to your project directory) that
[info] will contain Hosting assets to be uploaded with firebase deploy. If you
[info] have a build process for your assets, use your build's output directory.
[info] 
[debug] [2024-10-11T15:04:57.860Z] >>> [apiv2][query] GET https://www.gstatic.com/firebasejs/releases.json [none]
[debug] [2024-10-11T15:04:58.028Z] <<< [apiv2][status] GET https://www.gstatic.com/firebasejs/releases.json 200
[debug] [2024-10-11T15:04:58.028Z] <<< [apiv2][body] GET https://www.gstatic.com/firebasejs/releases.json {"current":{"version":"10.14.1","browserURL":"https://www.gstatic.com/firebasejs/10.14.1/firebase.js","packageURL":"https://www.gstatic.com/firebasejs/10.14.1/firebase.tgz"},"live":{"version":"10.14","browserURL":"https://www.gstatic.com/firebasejs/live/10.14/firebase.js","packageURL":"https://www.gstatic.com/firebasejs/live/10.14/firebase.tgz"},"components":{"analytics":"https://www.gstatic.com/firebasejs/10.14.1/firebase-analytics.js","app":"https://www.gstatic.com/firebasejs/10.14.1/firebase-app.js","app-check":"https://www.gstatic.com/firebasejs/10.14.1/firebase-app-check.js","auth":"https://www.gstatic.com/firebasejs/10.14.1/firebase-auth.js","auth/cordova":"https://www.gstatic.com/firebasejs/10.14.1/firebase-auth/cordova.js","auth/web-extension":"https://www.gstatic.com/firebasejs/10.14.1/firebase-auth/web-extension.js","functions":"https://www.gstatic.com/firebasejs/10.14.1/firebase-functions.js","firestore":"https://www.gstatic.com/firebasejs/10.14.1/firebase-firestore.js","firestore/lite":"https://www.gstatic.com/firebasejs/10.14.1/firebase-firestore/lite.js","installations":"https://www.gstatic.com/firebasejs/10.14.1/firebase-installations.js","storage":"https://www.gstatic.com/firebasejs/10.14.1/firebase-storage.js","performance":"https://www.gstatic.com/firebasejs/10.14.1/firebase-performance.js","remote-config":"https://www.gstatic.com/firebasejs/10.14.1/firebase-remote-config.js","messaging":"https://www.gstatic.com/firebasejs/10.14.1/firebase-messaging.js","messaging/sw":"https://www.gstatic.com/firebasejs/10.14.1/firebase-messaging/sw.js","database":"https://www.gstatic.com/firebasejs/10.14.1/firebase-database.js","data-connect":"https://www.gstatic.com/firebasejs/10.14.1/firebase-data-connect.js","vertexai-preview":"https://www.gstatic.com/firebasejs/10.14.1/firebase-vertexai-preview.js","firestore.memory":"https://www.gstatic.com/firebasejs/10.14.1/firebase-firestore.memory.js"}}
[info] +  Wrote build/index.html 
[info] 
[info] i  Detected a .git folder at C:\Users\Soumyajit\Desktop\Call For Code\eduflux 
[info] i  Authorizing with GitHub to upload your service account to a GitHub repository's secrets store. 
[info] 
[info] Visit this URL on this device to log in:
[info] https://github.com/login/oauth/authorize?client_id=89cf50f02ac6aaed3484&state=216895614&redirect_uri=http%3A%2F%2Flocalhost%3A9005&scope=read%3Auser%20repo%20public_repo
[info] 
[info] Waiting for authentication...
[debug] [2024-10-11T15:05:06.003Z] >>> [apiv2][query] POST https://github.com/login/oauth/access_token [none]
[debug] [2024-10-11T15:05:06.003Z] >>> [apiv2][body] POST https://github.com/login/oauth/access_token [stream]
[debug] [2024-10-11T15:05:06.418Z] <<< [apiv2][status] POST https://github.com/login/oauth/access_token 200
[debug] [2024-10-11T15:05:06.418Z] <<< [apiv2][body] POST https://github.com/login/oauth/access_token {"access_token":"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","token_type":"bearer","scope":"read:user,repo"}
[debug] [2024-10-11T15:05:06.421Z] >>> [apiv2][query] GET https://api.github.com/user [none]
[debug] [2024-10-11T15:05:06.839Z] <<< [apiv2][status] GET https://api.github.com/user 200
[debug] [2024-10-11T15:05:06.839Z] <<< [apiv2][body] GET https://api.github.com/user {"login":"SoumyajitD","id":62047686,"node_id":"MDQ6VXNlcjYyMDQ3Njg2","avatar_url":"https://avatars.githubusercontent.com/u/62047686?v=4","gravatar_id":"","url":"https://api.github.com/users/SoumyajitD","html_url":"https://github.com/SoumyajitD","followers_url":"https://api.github.com/users/SoumyajitD/followers","following_url":"https://api.github.com/users/SoumyajitD/following{/other_user}","gists_url":"https://api.github.com/users/SoumyajitD/gists{/gist_id}","starred_url":"https://api.github.com/users/SoumyajitD/starred{/owner}{/repo}","subscriptions_url":"https://api.github.com/users/SoumyajitD/subscriptions","organizations_url":"https://api.github.com/users/SoumyajitD/orgs","repos_url":"https://api.github.com/users/SoumyajitD/repos","events_url":"https://api.github.com/users/SoumyajitD/events{/privacy}","received_events_url":"https://api.github.com/users/SoumyajitD/received_events","type":"User","site_admin":false,"name":"Soumyajit Dawn","company":"Persistent Systems","blog":"","location":"Kolkata","email":"soumyajitdawn@gmail.com","hireable":null,"bio":"nullPointerException;\r\n\r\n","twitter_username":null,"notification_email":"soumyajitdawn@gmail.com","public_repos":38,"public_gists":0,"followers":14,"following":26,"created_at":"2020-03-11T05:25:03Z","updated_at":"2024-10-02T17:12:14Z","private_gists":0,"total_private_repos":7,"owned_private_repos":5,"disk_usage":107836,"collaborators":1,"two_factor_authentication":false,"plan":{"name":"free","space":976562499,"collaborators":0,"private_repos":10000}}
[info] 
[info] +  Success! Logged into GitHub as SoumyajitD 
[info] 
